<?xml version="1.0" encoding="UTF-8"?>
<testng-results skipped="0" failed="0" total="1" passed="1">
  <reporter-output>
  </reporter-output>
  <suite name="Default suite" duration-ms="13256" started-at="2018-07-17T03:57:21Z" finished-at="2018-07-17T03:57:34Z">
    <groups>
      <group name="cucumber">
        <method signature="AbstractTestNGCucumberTests.feature(cucumber.api.testng.CucumberFeatureWrapper)[pri:0, instance:com.qainfotech.cucumber.GoogleSheetAutoSample_Hris.Runner@64bfbc86]" name="feature" class="cucumber.api.testng.AbstractTestNGCucumberTests"/>
      </group> <!-- cucumber -->
    </groups>
    <test name="Default test" duration-ms="13256" started-at="2018-07-17T03:57:21Z" finished-at="2018-07-17T03:57:34Z">
      <class name="com.qainfotech.cucumber.GoogleSheetAutoSample_Hris.Runner">
        <test-method status="PASS" signature="setUpClass()[pri:0, instance:com.qainfotech.cucumber.GoogleSheetAutoSample_Hris.Runner@64bfbc86]" name="setUpClass" is-config="true" duration-ms="149" started-at="2018-07-17T09:27:21Z" finished-at="2018-07-17T09:27:21Z">
          <reporter-output>
          </reporter-output>
        </test-method> <!-- setUpClass -->
        <test-method status="PASS" signature="feature(cucumber.api.testng.CucumberFeatureWrapper)[pri:0, instance:com.qainfotech.cucumber.GoogleSheetAutoSample_Hris.Runner@64bfbc86]" name="feature" duration-ms="13042" started-at="2018-07-17T09:27:21Z" description="Runs Cucumber Feature" data-provider="features" finished-at="2018-07-17T09:27:34Z">
          <params>
            <param index="0">
              <value>
                <![CDATA[Hris Login]]>
              </value>
            </param>
          </params>
          <reporter-output>
          </reporter-output>
        </test-method> <!-- feature -->
        <test-method status="PASS" signature="tearDownClass()[pri:0, instance:com.qainfotech.cucumber.GoogleSheetAutoSample_Hris.Runner@64bfbc86]" name="tearDownClass" is-config="true" duration-ms="6" started-at="2018-07-17T09:27:34Z" finished-at="2018-07-17T09:27:34Z">
          <reporter-output>
          </reporter-output>
        </test-method> <!-- tearDownClass -->
      </class> <!-- com.qainfotech.cucumber.GoogleSheetAutoSample_Hris.Runner -->
    </test> <!-- Default test -->
  </suite> <!-- Default suite -->
</testng-results>
